<?xml version="1.0" encoding="UTF-8"?>
<!-- Generated by org.testng.reporters.JUnitXMLReporter -->
<testsuite ignored="4" hostname="DESKTOP-H8NRONJ" failures="0" tests="4" name="Test" time="25.631" errors="0" timestamp="19 Dec. 2020 04:22:27 GMT">
  <testcase classname="com.busyqa.testScripts.TC_SortProducts_002" name="highToLow" time="8.248"/>
  <testcase classname="com.busyqa.testScripts.TC_SortProducts_002" name="lowtoHigh" time="4.863"/>
  <testcase classname="com.busyqa.testScripts.TC_FilterProducts_001" name="priceFilterTest" time="7.561"/>
  <testcase classname="com.busyqa.testScripts.TC_AddToCart_003" name="addToCart" time="4.746"/>
  <testcase classname="com.busyqa.core.BaseClass" name="@AfterSuite teardown" time="0.0">
    <ignored/>
  </testcase> <!-- @AfterSuite teardown -->
  <testcase classname="com.busyqa.core.BaseClass" name="@AfterSuite teardown" time="0.0">
    <ignored/>
  </testcase> <!-- @AfterSuite teardown -->
  <testcase classname="com.busyqa.core.BaseClass" name="@BeforeSuite init" time="0.0">
    <ignored/>
  </testcase> <!-- @BeforeSuite init -->
  <testcase classname="com.busyqa.core.BaseClass" name="@BeforeSuite init" time="0.0">
    <ignored/>
  </testcase> <!-- @BeforeSuite init -->
</testsuite> <!-- Test -->
