<?xml version="1.0" encoding="UTF-8"?>
<testng-results ignored="0" total="1" passed="1" failed="0" skipped="0">
  <reporter-output>
  </reporter-output>
  <suite started-at="2020-12-17T04:34:43Z" name="Suite" finished-at="2020-12-17T04:34:49Z" duration-ms="6109">
    <groups>
    </groups>
    <test started-at="2020-12-17T04:34:43Z" name="Test" finished-at="2020-12-17T04:34:49Z" duration-ms="6109">
      <class name="com.busyqa.testScripts.TC_AddToCart_003">
        <test-method is-config="true" signature="init()[pri:0, instance:com.busyqa.testScripts.TC_AddToCart_003@1bb266b3]" started-at="2020-12-17T04:34:38Z" name="init" finished-at="2020-12-17T04:34:43Z" duration-ms="4600" status="PASS">
          <reporter-output>
          </reporter-output>
        </test-method> <!-- init -->
        <test-method signature="addToCart()[pri:0, instance:com.busyqa.testScripts.TC_AddToCart_003@1bb266b3]" started-at="2020-12-17T04:34:43Z" name="addToCart" finished-at="2020-12-17T04:34:49Z" duration-ms="5967" status="PASS">
          <reporter-output>
          </reporter-output>
        </test-method> <!-- addToCart -->
        <test-method is-config="true" signature="teardown()[pri:0, instance:com.busyqa.testScripts.TC_AddToCart_003@1bb266b3]" started-at="2020-12-17T04:34:49Z" name="teardown" finished-at="2020-12-17T04:34:50Z" duration-ms="620" status="PASS">
          <reporter-output>
          </reporter-output>
        </test-method> <!-- teardown -->
      </class> <!-- com.busyqa.testScripts.TC_AddToCart_003 -->
    </test> <!-- Test -->
  </suite> <!-- Suite -->
</testng-results>
