<?xml version="1.0" encoding="UTF-8"?>
<testsuite xmlns:xsi="http://www.w3.org/2001/XMLSchema-instance" xsi:noNamespaceSchemaLocation="https://maven.apache.org/surefire/maven-surefire-plugin/xsd/surefire-test-report-3.0.xsd" version="3.0" name="TestSuite" time="15.807" tests="4" errors="0" skipped="0" failures="0">
  <properties>
[...]
</properties>
  <testcase name="test_login_1[user, pass](1)" classname="com.busyqa.testScripts.TS_LoginPage_001" time="1.633">
    <system-out><![CDATA[3 2
userpass
user@gmail.com
password
]]></system-out>
    <system-err><![CDATA[Dec 12, 2020 11:33:06 AM com.relevantcodes.extentreports.ExtentReports loadConfig
WARNING: Unable to perform report configuration. The file D:\EclipseJavaIDE\BusyQA\automation_project\src\test\resources\extentconfig\ReportsConfig.xml was not found.
Starting ChromeDriver 2.36.540470 (e522d04694c7ebea4ba8821272dbef4f9b818c91) on port 29387
Only local connections are allowed.
Dec 12, 2020 11:33:11 AM org.openqa.selenium.remote.ProtocolHandshake createSession
INFO: Detected dialect: OSS
]]></system-err>
  </testcase>
  <testcase name="test_login_1[user@gmail.com, ](2)" classname="com.busyqa.testScripts.TS_LoginPage_001" time="1.154"/>
  <testcase name="test_login_1[, password](3)" classname="com.busyqa.testScripts.TS_LoginPage_001" time="1.14"/>
  <testcase name="test_login_2[username@hello.com, password](1)" classname="com.busyqa.testScripts.TS_LoginPage_001" time="1.659">
    <system-out><![CDATA[1 2
]]></system-out>
  </testcase>
</testsuite>