<?xml version="1.0" encoding="UTF-8"?>
<testsuite xmlns:xsi="http://www.w3.org/2001/XMLSchema-instance" xsi:noNamespaceSchemaLocation="https://maven.apache.org/surefire/maven-surefire-plugin/xsd/surefire-test-report-3.0.xsd" version="3.0" name="TestSuite" time="43.503" tests="8" errors="0" skipped="0" failures="0">
  <properties>
[...]
</properties>
  <testcase name="highToLow" classname="com.busyqa.testScripts.TC_SortProducts_002" time="8.243">
    <system-out><![CDATA[[TestNGContentHandler] [WARN] It is strongly recommended to add "<!DOCTYPE suite SYSTEM "http://testng.org/testng-1.0.dtd" >" at the top of your file, otherwise TestNG may fail or not work as expected.
[TestNGContentHandler] [WARN] It is strongly recommended to add "<!DOCTYPE suite SYSTEM "http://testng.org/testng-1.0.dtd" >" at the top of your file, otherwise TestNG may fail or not work as expected.
[TestNG] [WARN] Ignoring duplicate listener : org.uncommons.reportng.HTMLReporter
[TestNG] [WARN] Ignoring duplicate listener : org.uncommons.reportng.JUnitXMLReporter
[TestNG] [WARN] Ignoring duplicate listener : com.busyqa.core.CustomListeners
[TestNG] [WARN] Ignoring duplicate listener : com.busyqa.core.CustomListeners
]]></system-out>
    <system-err><![CDATA[Starting ChromeDriver 87.0.4280.88 (89e2380a3e36c3464b5dd1302349b1382549290d-refs/branch-heads/4280@{#1761}) on port 11228
Only local connections are allowed.
Please see https://chromedriver.chromium.org/security-considerations for suggestions on keeping ChromeDriver safe.
ChromeDriver was started successfully.
Dec. 18, 2020 11:22:00 P.M. org.openqa.selenium.remote.ProtocolHandshake createSession
INFO: Detected dialect: W3C
]]></system-err>
  </testcase>
  <testcase name="lowtoHigh" classname="com.busyqa.testScripts.TC_SortProducts_002" time="4.863"/>
  <testcase name="priceFilterTest" classname="com.busyqa.testScripts.TC_FilterProducts_001" time="7.562"/>
  <testcase name="addToCart" classname="com.busyqa.testScripts.TC_AddToCart_003" time="4.746"/>
  <testcase name="test_login_1[user, pass](1)" classname="com.busyqa.testScripts.TS_LoginPage_001" time="0.785">
    <system-err><![CDATA[Starting ChromeDriver 87.0.4280.88 (89e2380a3e36c3464b5dd1302349b1382549290d-refs/branch-heads/4280@{#1761}) on port 45940
Only local connections are allowed.
Please see https://chromedriver.chromium.org/security-considerations for suggestions on keeping ChromeDriver safe.
ChromeDriver was started successfully.
Dec. 18, 2020 11:22:30 P.M. org.openqa.selenium.remote.ProtocolHandshake createSession
INFO: Detected dialect: W3C
]]></system-err>
  </testcase>
  <testcase name="test_login_1[user@gmail.com, ](2)" classname="com.busyqa.testScripts.TS_LoginPage_001" time="0.798"/>
  <testcase name="test_login_1[, password](3)" classname="com.busyqa.testScripts.TS_LoginPage_001" time="0.731"/>
  <testcase name="test_login_2[username@hello.com, password](1)" classname="com.busyqa.testScripts.TS_LoginPage_001" time="1.93"/>
</testsuite>