<?xml version="1.0" encoding="UTF-8"?>
<!-- Generated by org.testng.reporters.JUnitXMLReporter -->
<testsuite ignored="0" hostname="DESKTOP-H8NRONJ" failures="0" tests="4" name="Test" time="7.683" errors="0" timestamp="19 Dec. 2020 02:40:38 GMT">
  <testcase classname="com.busyqa.testScripts.TS_LoginPage_001" name="test_login_1" time="0.82"/>
  <testcase classname="com.busyqa.testScripts.TS_LoginPage_001" name="test_login_1" time="1.42"/>
  <testcase classname="com.busyqa.testScripts.TS_LoginPage_001" name="test_login_1" time="0.922"/>
  <testcase classname="com.busyqa.testScripts.TS_LoginPage_001" name="test_login_2" time="1.133"/>
</testsuite> <!-- Test -->
