<?xml version="1.0" encoding="UTF-8"?>
<testng-results ignored="0" total="1" passed="1" failed="0" skipped="0">
  <reporter-output>
  </reporter-output>
  <suite started-at="2020-12-15T13:27:16Z" name="Suite" finished-at="2020-12-15T13:27:22Z" duration-ms="5937">
    <groups>
    </groups>
    <test started-at="2020-12-15T13:27:16Z" name="Test" finished-at="2020-12-15T13:27:22Z" duration-ms="5937">
      <class name="com.busyqa.testScripts.TC_AddToCart_003">
        <test-method is-config="true" signature="init()[pri:0, instance:com.busyqa.testScripts.TC_AddToCart_003@6d4e5011]" started-at="2020-12-15T13:27:10Z" name="init" finished-at="2020-12-15T13:27:16Z" duration-ms="5880" status="PASS">
          <reporter-output>
          </reporter-output>
        </test-method> <!-- init -->
        <test-method signature="addToCart()[pri:0, instance:com.busyqa.testScripts.TC_AddToCart_003@6d4e5011]" started-at="2020-12-15T13:27:16Z" name="addToCart" finished-at="2020-12-15T13:27:22Z" duration-ms="5766" status="PASS">
          <reporter-output>
          </reporter-output>
        </test-method> <!-- addToCart -->
        <test-method is-config="true" signature="teardown()[pri:0, instance:com.busyqa.testScripts.TC_AddToCart_003@6d4e5011]" started-at="2020-12-15T13:27:22Z" name="teardown" finished-at="2020-12-15T13:27:23Z" duration-ms="629" status="PASS">
          <reporter-output>
          </reporter-output>
        </test-method> <!-- teardown -->
      </class> <!-- com.busyqa.testScripts.TC_AddToCart_003 -->
    </test> <!-- Test -->
  </suite> <!-- Suite -->
</testng-results>
